2025-12-08 12:53:05,315 - core.source_credibility - INFO - Updated 0 sources
2025-12-08 12:54:09,716 - django.request - WARNING - Not Found: /sumit/
2025-12-08 12:54:32,649 - factyne_audit - INFO - {"timestamp": "2025-12-08T12:54:32.649605", "event_type": "content_submitted", "entity": {"id": 3, "type": "Content"}, "user_id": null, "details": {"url": null, "word_count": 45}}
2025-12-08 12:54:32,855 - core.claim_extractor_v2 - INFO - Extracted 5 unique claims from 45 words
2025-12-08 12:54:32,889 - factyne_audit - INFO - {"timestamp": "2025-12-08T12:54:32.889052", "event_type": "claims_extracted", "entity": {"id": 3, "type": "Content"}, "user_id": null, "details": {"claim_count": 5, "avg_confidence": 0.5700000000000001}}
2025-12-08 12:54:32,902 - factyne_audit - INFO - {"timestamp": "2025-12-08T12:54:32.902781", "event_type": "contradiction_detected", "entity": {"id": 1, "type": "Contradiction"}, "user_id": null, "details": {"claim_a_id": 4, "claim_b_id": 2, "importance_score": 1.0, "type": "direct_negation"}}
2025-12-08 12:54:32,920 - factyne_audit - INFO - {"timestamp": "2025-12-08T12:54:32.920181", "event_type": "score_calculated", "entity": {"id": 3, "type": "Content"}, "user_id": null, "details": {"trust_score": 0.4700000000000001, "contradiction_count": 1}}
2025-12-08 12:57:05,084 - factyne_audit - INFO - {"timestamp": "2025-12-08T12:57:05.084371", "event_type": "content_submitted", "entity": {"id": 4, "type": "Content"}, "user_id": null, "details": {"url": null, "word_count": 45}}
2025-12-08 12:57:05,230 - core.claim_extractor_v2 - INFO - Extracted 5 unique claims from 45 words
2025-12-08 12:57:05,265 - factyne_audit - INFO - {"timestamp": "2025-12-08T12:57:05.265264", "event_type": "claims_extracted", "entity": {"id": 4, "type": "Content"}, "user_id": null, "details": {"claim_count": 5, "avg_confidence": 0.5700000000000001}}
2025-12-08 12:57:05,288 - factyne_audit - INFO - {"timestamp": "2025-12-08T12:57:05.288559", "event_type": "contradiction_detected", "entity": {"id": 2, "type": "Contradiction"}, "user_id": null, "details": {"claim_a_id": 9, "claim_b_id": 2, "importance_score": 1.0, "type": "direct_negation"}}
2025-12-08 12:57:05,297 - factyne_audit - INFO - {"timestamp": "2025-12-08T12:57:05.297013", "event_type": "contradiction_detected", "entity": {"id": 3, "type": "Contradiction"}, "user_id": null, "details": {"claim_a_id": 9, "claim_b_id": 4, "importance_score": 1.0, "type": "direct_negation"}}
2025-12-08 12:57:05,311 - factyne_audit - INFO - {"timestamp": "2025-12-08T12:57:05.311957", "event_type": "score_calculated", "entity": {"id": 4, "type": "Content"}, "user_id": null, "details": {"trust_score": 0.37000000000000005, "contradiction_count": 2}}
2025-12-08 13:06:17,421 - django.utils.autoreload - INFO - C:\Users\Lenovo\OneDrive\Desktop\Factyne\core\views.py changed, reloading.
2025-12-08 14:12:20,322 - django.utils.autoreload - INFO - C:\Users\Lenovo\OneDrive\Desktop\Factyne\core\views.py changed, reloading.
2025-12-08 14:13:56,740 - django.utils.autoreload - INFO - C:\Users\Lenovo\OneDrive\Desktop\Factyne\core\views.py changed, reloading.
2025-12-08 14:15:50,329 - django.utils.autoreload - INFO - C:\Users\Lenovo\OneDrive\Desktop\Factyne\core\views.py changed, reloading.
2025-12-08 14:20:05,917 - factyne_audit - INFO - {"timestamp": "2025-12-08T14:20:05.917624", "event_type": "content_submitted", "entity": {"id": 5, "type": "Content"}, "user_id": 1, "details": {"url": null, "word_count": 93}}
2025-12-08 20:07:45,227 - django.request - WARNING - Not Found: /favicon.ico
2025-12-08 20:08:16,182 - factyne_audit - INFO - {"timestamp": "2025-12-08T20:08:16.182410", "event_type": "content_submitted", "entity": {"id": 6, "type": "Content"}, "user_id": 1, "details": {"url": null, "word_count": 100}}
2025-12-08 20:11:34,312 - django.utils.autoreload - INFO - C:\Users\Lenovo\OneDrive\Desktop\Factyne\core\views.py changed, reloading.
2025-12-08 20:16:15,459 - django.utils.autoreload - INFO - C:\Users\Lenovo\OneDrive\Desktop\Factyne\myproject\urls.py changed, reloading.
2025-12-08 20:17:47,715 - django.utils.autoreload - INFO - C:\Users\Lenovo\OneDrive\Desktop\Factyne\core\views.py changed, reloading.
2025-12-08 20:19:59,345 - factyne_audit - INFO - {"timestamp": "2025-12-08T20:19:59.345698", "event_type": "content_submitted", "entity": {"id": 7, "type": "Content"}, "user_id": 1, "details": {"url": null, "word_count": 133}}
2025-12-08 20:20:05,896 - django.request - ERROR - Internal Server Error: /content/7/
Traceback (most recent call last):
  File "C:\Users\Lenovo\OneDrive\Desktop\Factyne\venv\Lib\site-packages\django\core\handlers\exception.py", line 55, in inner
    response = get_response(request)
               ^^^^^^^^^^^^^^^^^^^^^
  File "C:\Users\Lenovo\OneDrive\Desktop\Factyne\venv\Lib\site-packages\django\core\handlers\base.py", line 197, in _get_response
    response = wrapped_callback(request, *callback_args, **callback_kwargs)
               ^^^^^^^^^^^^^^^^^^^^^^^^^^^^^^^^^^^^^^^^^^^^^^^^^^^^^^^^^^^^
  File "C:\Users\Lenovo\OneDrive\Desktop\Factyne\core\views.py", line 23, in content_detail
    contradictions = Contradiction.objects.filter(
                     ^^^^^^^^^^^^^^^^^^^^^^^^^^^^^
  File "C:\Users\Lenovo\OneDrive\Desktop\Factyne\venv\Lib\site-packages\django\db\models\manager.py", line 87, in manager_method
    return getattr(self.get_queryset(), name)(*args, **kwargs)
           ^^^^^^^^^^^^^^^^^^^^^^^^^^^^^^^^^^^^^^^^^^^^^^^^^^^
  File "C:\Users\Lenovo\OneDrive\Desktop\Factyne\venv\Lib\site-packages\django\db\models\query.py", line 1436, in filter
    return self._filter_or_exclude(False, args, kwargs)
           ^^^^^^^^^^^^^^^^^^^^^^^^^^^^^^^^^^^^^^^^^^^^
  File "C:\Users\Lenovo\OneDrive\Desktop\Factyne\venv\Lib\site-packages\django\db\models\query.py", line 1454, in _filter_or_exclude
    clone._filter_or_exclude_inplace(negate, args, kwargs)
  File "C:\Users\Lenovo\OneDrive\Desktop\Factyne\venv\Lib\site-packages\django\db\models\query.py", line 1461, in _filter_or_exclude_inplace
    self._query.add_q(Q(*args, **kwargs))
  File "C:\Users\Lenovo\OneDrive\Desktop\Factyne\venv\Lib\site-packages\django\db\models\sql\query.py", line 1545, in add_q
    clause, _ = self._add_q(q_object, self.used_aliases)
                ^^^^^^^^^^^^^^^^^^^^^^^^^^^^^^^^^^^^^^^^
  File "C:\Users\Lenovo\OneDrive\Desktop\Factyne\venv\Lib\site-packages\django\db\models\sql\query.py", line 1576, in _add_q
    child_clause, needed_inner = self.build_filter(
                                 ^^^^^^^^^^^^^^^^^^
  File "C:\Users\Lenovo\OneDrive\Desktop\Factyne\venv\Lib\site-packages\django\db\models\sql\query.py", line 1426, in build_filter
    lookups, parts, reffed_expression = self.solve_lookup_type(arg, summarize)
                                        ^^^^^^^^^^^^^^^^^^^^^^^^^^^^^^^^^^^^^^
  File "C:\Users\Lenovo\OneDrive\Desktop\Factyne\venv\Lib\site-packages\django\db\models\sql\query.py", line 1236, in solve_lookup_type
    _, field, _, lookup_parts = self.names_to_path(lookup_splitted, self.get_meta())
                                ^^^^^^^^^^^^^^^^^^^^^^^^^^^^^^^^^^^^^^^^^^^^^^^^^^^^
  File "C:\Users\Lenovo\OneDrive\Desktop\Factyne\venv\Lib\site-packages\django\db\models\sql\query.py", line 1724, in names_to_path
    raise FieldError(
django.core.exceptions.FieldError: Cannot resolve keyword 'claim1' into field. Choices are: claim_a, claim_a_id, claim_b, claim_b_id, contradiction_type, created_at, description, id, importance_score
2025-12-08 20:21:49,947 - django.utils.autoreload - INFO - C:\Users\Lenovo\OneDrive\Desktop\Factyne\core\views.py changed, reloading.
2025-12-08 20:22:04,583 - django.utils.autoreload - INFO - C:\Users\Lenovo\OneDrive\Desktop\Factyne\core\views.py changed, reloading.
2025-12-08 20:22:10,635 - django.request - ERROR - Internal Server Error: /content/7/
Traceback (most recent call last):
  File "C:\Users\Lenovo\OneDrive\Desktop\Factyne\venv\Lib\site-packages\django\core\handlers\exception.py", line 55, in inner
    response = get_response(request)
               ^^^^^^^^^^^^^^^^^^^^^
  File "C:\Users\Lenovo\OneDrive\Desktop\Factyne\venv\Lib\site-packages\django\core\handlers\base.py", line 197, in _get_response
    response = wrapped_callback(request, *callback_args, **callback_kwargs)
               ^^^^^^^^^^^^^^^^^^^^^^^^^^^^^^^^^^^^^^^^^^^^^^^^^^^^^^^^^^^^
  File "C:\Users\Lenovo\OneDrive\Desktop\Factyne\core\views.py", line 36, in content_detail
    return render(request, 'content_detail.html', data)
           ^^^^^^^^^^^^^^^^^^^^^^^^^^^^^^^^^^^^^^^^^^^^
  File "C:\Users\Lenovo\OneDrive\Desktop\Factyne\venv\Lib\site-packages\django\shortcuts.py", line 24, in render
    content = loader.render_to_string(template_name, context, request, using=using)
              ^^^^^^^^^^^^^^^^^^^^^^^^^^^^^^^^^^^^^^^^^^^^^^^^^^^^^^^^^^^^^^^^^^^^^
  File "C:\Users\Lenovo\OneDrive\Desktop\Factyne\venv\Lib\site-packages\django\template\loader.py", line 62, in render_to_string
    return template.render(context, request)
           ^^^^^^^^^^^^^^^^^^^^^^^^^^^^^^^^^
  File "C:\Users\Lenovo\OneDrive\Desktop\Factyne\venv\Lib\site-packages\django\template\backends\django.py", line 61, in render
    return self.template.render(context)
           ^^^^^^^^^^^^^^^^^^^^^^^^^^^^^
  File "C:\Users\Lenovo\OneDrive\Desktop\Factyne\venv\Lib\site-packages\django\template\base.py", line 175, in render
    return self._render(context)
           ^^^^^^^^^^^^^^^^^^^^^
  File "C:\Users\Lenovo\OneDrive\Desktop\Factyne\venv\Lib\site-packages\django\template\base.py", line 167, in _render
    return self.nodelist.render(context)
           ^^^^^^^^^^^^^^^^^^^^^^^^^^^^^
  File "C:\Users\Lenovo\OneDrive\Desktop\Factyne\venv\Lib\site-packages\django\template\base.py", line 1005, in render
    return SafeString("".join([node.render_annotated(context) for node in self]))
                              ^^^^^^^^^^^^^^^^^^^^^^^^^^^^^^^^^^^^^^^^^^^^^^^^^
  File "C:\Users\Lenovo\OneDrive\Desktop\Factyne\venv\Lib\site-packages\django\template\base.py", line 1005, in <listcomp>
    return SafeString("".join([node.render_annotated(context) for node in self]))
                               ^^^^^^^^^^^^^^^^^^^^^^^^^^^^^^
  File "C:\Users\Lenovo\OneDrive\Desktop\Factyne\venv\Lib\site-packages\django\template\base.py", line 966, in render_annotated
    return self.render(context)
           ^^^^^^^^^^^^^^^^^^^^
  File "C:\Users\Lenovo\OneDrive\Desktop\Factyne\venv\Lib\site-packages\django\template\loader_tags.py", line 157, in render
    return compiled_parent._render(context)
           ^^^^^^^^^^^^^^^^^^^^^^^^^^^^^^^^
  File "C:\Users\Lenovo\OneDrive\Desktop\Factyne\venv\Lib\site-packages\django\template\base.py", line 167, in _render
    return self.nodelist.render(context)
           ^^^^^^^^^^^^^^^^^^^^^^^^^^^^^
  File "C:\Users\Lenovo\OneDrive\Desktop\Factyne\venv\Lib\site-packages\django\template\base.py", line 1005, in render
    return SafeString("".join([node.render_annotated(context) for node in self]))
                              ^^^^^^^^^^^^^^^^^^^^^^^^^^^^^^^^^^^^^^^^^^^^^^^^^
  File "C:\Users\Lenovo\OneDrive\Desktop\Factyne\venv\Lib\site-packages\django\template\base.py", line 1005, in <listcomp>
    return SafeString("".join([node.render_annotated(context) for node in self]))
                               ^^^^^^^^^^^^^^^^^^^^^^^^^^^^^^
  File "C:\Users\Lenovo\OneDrive\Desktop\Factyne\venv\Lib\site-packages\django\template\base.py", line 966, in render_annotated
    return self.render(context)
           ^^^^^^^^^^^^^^^^^^^^
  File "C:\Users\Lenovo\OneDrive\Desktop\Factyne\venv\Lib\site-packages\django\template\loader_tags.py", line 63, in render
    result = block.nodelist.render(context)
             ^^^^^^^^^^^^^^^^^^^^^^^^^^^^^^
  File "C:\Users\Lenovo\OneDrive\Desktop\Factyne\venv\Lib\site-packages\django\template\base.py", line 1005, in render
    return SafeString("".join([node.render_annotated(context) for node in self]))
                              ^^^^^^^^^^^^^^^^^^^^^^^^^^^^^^^^^^^^^^^^^^^^^^^^^
  File "C:\Users\Lenovo\OneDrive\Desktop\Factyne\venv\Lib\site-packages\django\template\base.py", line 1005, in <listcomp>
    return SafeString("".join([node.render_annotated(context) for node in self]))
                               ^^^^^^^^^^^^^^^^^^^^^^^^^^^^^^
  File "C:\Users\Lenovo\OneDrive\Desktop\Factyne\venv\Lib\site-packages\django\template\base.py", line 966, in render_annotated
    return self.render(context)
           ^^^^^^^^^^^^^^^^^^^^
  File "C:\Users\Lenovo\OneDrive\Desktop\Factyne\venv\Lib\site-packages\django\template\defaulttags.py", line 471, in render
    url = reverse(view_name, args=args, kwargs=kwargs, current_app=current_app)
          ^^^^^^^^^^^^^^^^^^^^^^^^^^^^^^^^^^^^^^^^^^^^^^^^^^^^^^^^^^^^^^^^^^^^^
  File "C:\Users\Lenovo\OneDrive\Desktop\Factyne\venv\Lib\site-packages\django\urls\base.py", line 88, in reverse
    return resolver._reverse_with_prefix(view, prefix, *args, **kwargs)
           ^^^^^^^^^^^^^^^^^^^^^^^^^^^^^^^^^^^^^^^^^^^^^^^^^^^^^^^^^^^^
  File "C:\Users\Lenovo\OneDrive\Desktop\Factyne\venv\Lib\site-packages\django\urls\resolvers.py", line 828, in _reverse_with_prefix
    raise NoReverseMatch(msg)
django.urls.exceptions.NoReverseMatch: Reverse for 'submit' not found. 'submit' is not a valid view function or pattern name.
2025-12-08 20:22:26,001 - django.request - ERROR - Internal Server Error: /content/7/
Traceback (most recent call last):
  File "C:\Users\Lenovo\OneDrive\Desktop\Factyne\venv\Lib\site-packages\django\core\handlers\exception.py", line 55, in inner
    response = get_response(request)
               ^^^^^^^^^^^^^^^^^^^^^
  File "C:\Users\Lenovo\OneDrive\Desktop\Factyne\venv\Lib\site-packages\django\core\handlers\base.py", line 197, in _get_response
    response = wrapped_callback(request, *callback_args, **callback_kwargs)
               ^^^^^^^^^^^^^^^^^^^^^^^^^^^^^^^^^^^^^^^^^^^^^^^^^^^^^^^^^^^^
  File "C:\Users\Lenovo\OneDrive\Desktop\Factyne\core\views.py", line 36, in content_detail
    return render(request, 'content_detail.html', data)
           ^^^^^^^^^^^^^^^^^^^^^^^^^^^^^^^^^^^^^^^^^^^^
  File "C:\Users\Lenovo\OneDrive\Desktop\Factyne\venv\Lib\site-packages\django\shortcuts.py", line 24, in render
    content = loader.render_to_string(template_name, context, request, using=using)
              ^^^^^^^^^^^^^^^^^^^^^^^^^^^^^^^^^^^^^^^^^^^^^^^^^^^^^^^^^^^^^^^^^^^^^
  File "C:\Users\Lenovo\OneDrive\Desktop\Factyne\venv\Lib\site-packages\django\template\loader.py", line 62, in render_to_string
    return template.render(context, request)
           ^^^^^^^^^^^^^^^^^^^^^^^^^^^^^^^^^
  File "C:\Users\Lenovo\OneDrive\Desktop\Factyne\venv\Lib\site-packages\django\template\backends\django.py", line 61, in render
    return self.template.render(context)
           ^^^^^^^^^^^^^^^^^^^^^^^^^^^^^
  File "C:\Users\Lenovo\OneDrive\Desktop\Factyne\venv\Lib\site-packages\django\template\base.py", line 175, in render
    return self._render(context)
           ^^^^^^^^^^^^^^^^^^^^^
  File "C:\Users\Lenovo\OneDrive\Desktop\Factyne\venv\Lib\site-packages\django\template\base.py", line 167, in _render
    return self.nodelist.render(context)
           ^^^^^^^^^^^^^^^^^^^^^^^^^^^^^
  File "C:\Users\Lenovo\OneDrive\Desktop\Factyne\venv\Lib\site-packages\django\template\base.py", line 1005, in render
    return SafeString("".join([node.render_annotated(context) for node in self]))
                              ^^^^^^^^^^^^^^^^^^^^^^^^^^^^^^^^^^^^^^^^^^^^^^^^^
  File "C:\Users\Lenovo\OneDrive\Desktop\Factyne\venv\Lib\site-packages\django\template\base.py", line 1005, in <listcomp>
    return SafeString("".join([node.render_annotated(context) for node in self]))
                               ^^^^^^^^^^^^^^^^^^^^^^^^^^^^^^
  File "C:\Users\Lenovo\OneDrive\Desktop\Factyne\venv\Lib\site-packages\django\template\base.py", line 966, in render_annotated
    return self.render(context)
           ^^^^^^^^^^^^^^^^^^^^
  File "C:\Users\Lenovo\OneDrive\Desktop\Factyne\venv\Lib\site-packages\django\template\loader_tags.py", line 157, in render
    return compiled_parent._render(context)
           ^^^^^^^^^^^^^^^^^^^^^^^^^^^^^^^^
  File "C:\Users\Lenovo\OneDrive\Desktop\Factyne\venv\Lib\site-packages\django\template\base.py", line 167, in _render
    return self.nodelist.render(context)
           ^^^^^^^^^^^^^^^^^^^^^^^^^^^^^
  File "C:\Users\Lenovo\OneDrive\Desktop\Factyne\venv\Lib\site-packages\django\template\base.py", line 1005, in render
    return SafeString("".join([node.render_annotated(context) for node in self]))
                              ^^^^^^^^^^^^^^^^^^^^^^^^^^^^^^^^^^^^^^^^^^^^^^^^^
  File "C:\Users\Lenovo\OneDrive\Desktop\Factyne\venv\Lib\site-packages\django\template\base.py", line 1005, in <listcomp>
    return SafeString("".join([node.render_annotated(context) for node in self]))
                               ^^^^^^^^^^^^^^^^^^^^^^^^^^^^^^
  File "C:\Users\Lenovo\OneDrive\Desktop\Factyne\venv\Lib\site-packages\django\template\base.py", line 966, in render_annotated
    return self.render(context)
           ^^^^^^^^^^^^^^^^^^^^
  File "C:\Users\Lenovo\OneDrive\Desktop\Factyne\venv\Lib\site-packages\django\template\loader_tags.py", line 63, in render
    result = block.nodelist.render(context)
             ^^^^^^^^^^^^^^^^^^^^^^^^^^^^^^
  File "C:\Users\Lenovo\OneDrive\Desktop\Factyne\venv\Lib\site-packages\django\template\base.py", line 1005, in render
    return SafeString("".join([node.render_annotated(context) for node in self]))
                              ^^^^^^^^^^^^^^^^^^^^^^^^^^^^^^^^^^^^^^^^^^^^^^^^^
  File "C:\Users\Lenovo\OneDrive\Desktop\Factyne\venv\Lib\site-packages\django\template\base.py", line 1005, in <listcomp>
    return SafeString("".join([node.render_annotated(context) for node in self]))
                               ^^^^^^^^^^^^^^^^^^^^^^^^^^^^^^
  File "C:\Users\Lenovo\OneDrive\Desktop\Factyne\venv\Lib\site-packages\django\template\base.py", line 966, in render_annotated
    return self.render(context)
           ^^^^^^^^^^^^^^^^^^^^
  File "C:\Users\Lenovo\OneDrive\Desktop\Factyne\venv\Lib\site-packages\django\template\defaulttags.py", line 471, in render
    url = reverse(view_name, args=args, kwargs=kwargs, current_app=current_app)
          ^^^^^^^^^^^^^^^^^^^^^^^^^^^^^^^^^^^^^^^^^^^^^^^^^^^^^^^^^^^^^^^^^^^^^
  File "C:\Users\Lenovo\OneDrive\Desktop\Factyne\venv\Lib\site-packages\django\urls\base.py", line 88, in reverse
    return resolver._reverse_with_prefix(view, prefix, *args, **kwargs)
           ^^^^^^^^^^^^^^^^^^^^^^^^^^^^^^^^^^^^^^^^^^^^^^^^^^^^^^^^^^^^
  File "C:\Users\Lenovo\OneDrive\Desktop\Factyne\venv\Lib\site-packages\django\urls\resolvers.py", line 828, in _reverse_with_prefix
    raise NoReverseMatch(msg)
django.urls.exceptions.NoReverseMatch: Reverse for 'submit' not found. 'submit' is not a valid view function or pattern name.
2025-12-08 20:27:11,325 - django.request - WARNING - Not Found: /dashboard/
2025-12-08 20:27:13,558 - django.request - WARNING - Not Found: /dashboard/
2025-12-08 20:27:14,233 - django.request - WARNING - Not Found: /dashboard/
2025-12-08 20:28:22,127 - django.request - WARNING - Not Found: /dashboard/
2025-12-08 20:29:12,935 - factyne_audit - INFO - {"timestamp": "2025-12-08T20:29:12.935685", "event_type": "content_submitted", "entity": {"id": 8, "type": "Content"}, "user_id": 1, "details": {"url": null, "word_count": 95}}
2025-12-08 20:29:47,890 - django.request - WARNING - Not Found: /dashboard/
2025-12-08 20:30:01,859 - django.request - WARNING - Not Found: /dashboard/
2025-12-08 20:41:09,786 - django.request - WARNING - Not Found: /content/9/
2025-12-08 20:50:44,139 - django.request - WARNING - Not Found: /content/
2025-12-08 22:02:58,217 - django.request - WARNING - Not Found: /favicon.ico
2025-12-08 22:03:39,392 - django.request - WARNING - Not Found: /favicon.ico
2025-12-08 22:05:11,695 - weasyprint - WARNING - Ignored `display: grid` at 35:13, invalid value.
2025-12-08 22:05:11,695 - weasyprint - WARNING - Ignored `grid-template-columns: 1fr 1fr` at 36:13, unknown property.
2025-12-08 22:05:11,697 - weasyprint - WARNING - Ignored `gap: 15px` at 37:13, unknown property.
2025-12-08 22:05:11,697 - weasyprint - WARNING - Ignored `gap: 15px` at 66:13, unknown property.
2025-12-08 22:05:11,697 - weasyprint - WARNING - Ignored `display: grid` at 82:13, invalid value.
2025-12-08 22:05:11,697 - weasyprint - WARNING - Ignored `grid-template-columns: repeat(3, 1fr)` at 83:13, unknown property.
2025-12-08 22:05:11,697 - weasyprint - WARNING - Ignored `gap: 10px` at 84:13, unknown property.
2025-12-08 22:05:11,697 - weasyprint - WARNING - Ignored `gap: 6px` at 110:13, unknown property.
2025-12-08 22:05:12,378 - django.request - ERROR - Internal Server Error: /content/8/pdf/
Traceback (most recent call last):
  File "C:\Users\Lenovo\OneDrive\Desktop\Factyne\venv\Lib\site-packages\django\core\handlers\exception.py", line 55, in inner
    response = get_response(request)
               ^^^^^^^^^^^^^^^^^^^^^
  File "C:\Users\Lenovo\OneDrive\Desktop\Factyne\venv\Lib\site-packages\django\core\handlers\base.py", line 197, in _get_response
    response = wrapped_callback(request, *callback_args, **callback_kwargs)
               ^^^^^^^^^^^^^^^^^^^^^^^^^^^^^^^^^^^^^^^^^^^^^^^^^^^^^^^^^^^^
  File "C:\Users\Lenovo\OneDrive\Desktop\Factyne\core\views.py", line 75, in content_pdf
    html.write_pdf(response)
  File "C:\Users\Lenovo\OneDrive\Desktop\Factyne\venv\Lib\site-packages\weasyprint\__init__.py", line 252, in write_pdf
    self.render(font_config, counter_style, **options)
  File "C:\Users\Lenovo\OneDrive\Desktop\Factyne\venv\Lib\site-packages\weasyprint\document.py", line 399, in write_pdf
    pdf = generate_pdf(self, target, zoom, **options)
          ^^^^^^^^^^^^^^^^^^^^^^^^^^^^^^^^^^^^^^^^^^^
  File "C:\Users\Lenovo\OneDrive\Desktop\Factyne\venv\Lib\site-packages\weasyprint\pdf\__init__.py", line 127, in generate_pdf
    pdf = pydyf.PDF((version or '1.7'), identifier)
          ^^^^^^^^^^^^^^^^^^^^^^^^^^^^^^^^^^^^^^^^^
TypeError: PDF.__init__() takes 1 positional argument but 3 were given
2025-12-08 22:09:39,391 - weasyprint - WARNING - Ignored `display: grid` at 35:13, invalid value.
2025-12-08 22:09:39,393 - weasyprint - WARNING - Ignored `grid-template-columns: 1fr 1fr` at 36:13, unknown property.
2025-12-08 22:09:39,393 - weasyprint - WARNING - Ignored `gap: 15px` at 37:13, unknown property.
2025-12-08 22:09:39,393 - weasyprint - WARNING - Ignored `gap: 15px` at 66:13, unknown property.
2025-12-08 22:09:39,393 - weasyprint - WARNING - Ignored `display: grid` at 82:13, invalid value.
2025-12-08 22:09:39,393 - weasyprint - WARNING - Ignored `grid-template-columns: repeat(3, 1fr)` at 83:13, unknown property.
2025-12-08 22:09:39,393 - weasyprint - WARNING - Ignored `gap: 10px` at 84:13, unknown property.
2025-12-08 22:09:39,393 - weasyprint - WARNING - Ignored `gap: 6px` at 110:13, unknown property.
2025-12-08 22:09:39,702 - django.request - ERROR - Internal Server Error: /content/8/pdf/
Traceback (most recent call last):
  File "C:\Users\Lenovo\OneDrive\Desktop\Factyne\venv\Lib\site-packages\django\core\handlers\exception.py", line 55, in inner
    response = get_response(request)
               ^^^^^^^^^^^^^^^^^^^^^
  File "C:\Users\Lenovo\OneDrive\Desktop\Factyne\venv\Lib\site-packages\django\core\handlers\base.py", line 197, in _get_response
    response = wrapped_callback(request, *callback_args, **callback_kwargs)
               ^^^^^^^^^^^^^^^^^^^^^^^^^^^^^^^^^^^^^^^^^^^^^^^^^^^^^^^^^^^^
  File "C:\Users\Lenovo\OneDrive\Desktop\Factyne\core\views.py", line 75, in content_pdf
    html.write_pdf(target=pdf_io)
  File "C:\Users\Lenovo\OneDrive\Desktop\Factyne\venv\Lib\site-packages\weasyprint\__init__.py", line 252, in write_pdf
    self.render(font_config, counter_style, **options)
  File "C:\Users\Lenovo\OneDrive\Desktop\Factyne\venv\Lib\site-packages\weasyprint\document.py", line 399, in write_pdf
    pdf = generate_pdf(self, target, zoom, **options)
          ^^^^^^^^^^^^^^^^^^^^^^^^^^^^^^^^^^^^^^^^^^^
  File "C:\Users\Lenovo\OneDrive\Desktop\Factyne\venv\Lib\site-packages\weasyprint\pdf\__init__.py", line 127, in generate_pdf
    pdf = pydyf.PDF((version or '1.7'), identifier)
          ^^^^^^^^^^^^^^^^^^^^^^^^^^^^^^^^^^^^^^^^^
TypeError: PDF.__init__() takes 1 positional argument but 3 were given
2025-12-08 22:09:46,743 - weasyprint - WARNING - Ignored `display: grid` at 35:13, invalid value.
2025-12-08 22:09:46,743 - weasyprint - WARNING - Ignored `grid-template-columns: 1fr 1fr` at 36:13, unknown property.
2025-12-08 22:09:46,743 - weasyprint - WARNING - Ignored `gap: 15px` at 37:13, unknown property.
2025-12-08 22:09:46,743 - weasyprint - WARNING - Ignored `gap: 15px` at 66:13, unknown property.
2025-12-08 22:09:46,743 - weasyprint - WARNING - Ignored `display: grid` at 82:13, invalid value.
2025-12-08 22:09:46,743 - weasyprint - WARNING - Ignored `grid-template-columns: repeat(3, 1fr)` at 83:13, unknown property.
2025-12-08 22:09:46,743 - weasyprint - WARNING - Ignored `gap: 10px` at 84:13, unknown property.
2025-12-08 22:09:46,743 - weasyprint - WARNING - Ignored `gap: 6px` at 110:13, unknown property.
2025-12-08 22:09:47,035 - django.request - ERROR - Internal Server Error: /content/8/pdf/
Traceback (most recent call last):
  File "C:\Users\Lenovo\OneDrive\Desktop\Factyne\venv\Lib\site-packages\django\core\handlers\exception.py", line 55, in inner
    response = get_response(request)
               ^^^^^^^^^^^^^^^^^^^^^
  File "C:\Users\Lenovo\OneDrive\Desktop\Factyne\venv\Lib\site-packages\django\core\handlers\base.py", line 197, in _get_response
    response = wrapped_callback(request, *callback_args, **callback_kwargs)
               ^^^^^^^^^^^^^^^^^^^^^^^^^^^^^^^^^^^^^^^^^^^^^^^^^^^^^^^^^^^^
  File "C:\Users\Lenovo\OneDrive\Desktop\Factyne\core\views.py", line 75, in content_pdf
    html.write_pdf(target=pdf_io)
  File "C:\Users\Lenovo\OneDrive\Desktop\Factyne\venv\Lib\site-packages\weasyprint\__init__.py", line 252, in write_pdf
    self.render(font_config, counter_style, **options)
  File "C:\Users\Lenovo\OneDrive\Desktop\Factyne\venv\Lib\site-packages\weasyprint\document.py", line 399, in write_pdf
    pdf = generate_pdf(self, target, zoom, **options)
          ^^^^^^^^^^^^^^^^^^^^^^^^^^^^^^^^^^^^^^^^^^^
  File "C:\Users\Lenovo\OneDrive\Desktop\Factyne\venv\Lib\site-packages\weasyprint\pdf\__init__.py", line 127, in generate_pdf
    pdf = pydyf.PDF((version or '1.7'), identifier)
          ^^^^^^^^^^^^^^^^^^^^^^^^^^^^^^^^^^^^^^^^^
TypeError: PDF.__init__() takes 1 positional argument but 3 were given
2025-12-08 22:10:02,487 - weasyprint - WARNING - Ignored `display: grid` at 35:13, invalid value.
2025-12-08 22:10:02,487 - weasyprint - WARNING - Ignored `grid-template-columns: 1fr 1fr` at 36:13, unknown property.
2025-12-08 22:10:02,489 - weasyprint - WARNING - Ignored `gap: 15px` at 37:13, unknown property.
2025-12-08 22:10:02,489 - weasyprint - WARNING - Ignored `gap: 15px` at 66:13, unknown property.
2025-12-08 22:10:02,489 - weasyprint - WARNING - Ignored `display: grid` at 82:13, invalid value.
2025-12-08 22:10:02,489 - weasyprint - WARNING - Ignored `grid-template-columns: repeat(3, 1fr)` at 83:13, unknown property.
2025-12-08 22:10:02,489 - weasyprint - WARNING - Ignored `gap: 10px` at 84:13, unknown property.
2025-12-08 22:10:02,489 - weasyprint - WARNING - Ignored `gap: 6px` at 110:13, unknown property.
2025-12-08 22:10:02,787 - django.request - ERROR - Internal Server Error: /content/8/pdf/
Traceback (most recent call last):
  File "C:\Users\Lenovo\OneDrive\Desktop\Factyne\venv\Lib\site-packages\django\core\handlers\exception.py", line 55, in inner
    response = get_response(request)
               ^^^^^^^^^^^^^^^^^^^^^
  File "C:\Users\Lenovo\OneDrive\Desktop\Factyne\venv\Lib\site-packages\django\core\handlers\base.py", line 197, in _get_response
    response = wrapped_callback(request, *callback_args, **callback_kwargs)
               ^^^^^^^^^^^^^^^^^^^^^^^^^^^^^^^^^^^^^^^^^^^^^^^^^^^^^^^^^^^^
  File "C:\Users\Lenovo\OneDrive\Desktop\Factyne\core\views.py", line 75, in content_pdf
    html.write_pdf(target=pdf_io)
  File "C:\Users\Lenovo\OneDrive\Desktop\Factyne\venv\Lib\site-packages\weasyprint\__init__.py", line 252, in write_pdf
    self.render(font_config, counter_style, **options)
  File "C:\Users\Lenovo\OneDrive\Desktop\Factyne\venv\Lib\site-packages\weasyprint\document.py", line 399, in write_pdf
    pdf = generate_pdf(self, target, zoom, **options)
          ^^^^^^^^^^^^^^^^^^^^^^^^^^^^^^^^^^^^^^^^^^^
  File "C:\Users\Lenovo\OneDrive\Desktop\Factyne\venv\Lib\site-packages\weasyprint\pdf\__init__.py", line 127, in generate_pdf
    pdf = pydyf.PDF((version or '1.7'), identifier)
          ^^^^^^^^^^^^^^^^^^^^^^^^^^^^^^^^^^^^^^^^^
TypeError: PDF.__init__() takes 1 positional argument but 3 were given
2025-12-08 22:11:57,552 - django.utils.autoreload - INFO - C:\Users\Lenovo\OneDrive\Desktop\Factyne\core\views.py changed, reloading.
2025-12-08 22:12:24,108 - weasyprint - WARNING - Ignored `display: grid` at 35:13, invalid value.
2025-12-08 22:12:24,110 - weasyprint - WARNING - Ignored `grid-template-columns: 1fr 1fr` at 36:13, unknown property.
2025-12-08 22:12:24,110 - weasyprint - WARNING - Ignored `gap: 15px` at 37:13, unknown property.
2025-12-08 22:12:24,110 - weasyprint - WARNING - Ignored `gap: 15px` at 66:13, unknown property.
2025-12-08 22:12:24,112 - weasyprint - WARNING - Ignored `display: grid` at 82:13, invalid value.
2025-12-08 22:12:24,112 - weasyprint - WARNING - Ignored `grid-template-columns: repeat(3, 1fr)` at 83:13, unknown property.
2025-12-08 22:12:24,112 - weasyprint - WARNING - Ignored `gap: 10px` at 84:13, unknown property.
2025-12-08 22:12:24,114 - weasyprint - WARNING - Ignored `gap: 6px` at 110:13, unknown property.
2025-12-08 22:12:24,487 - django.request - ERROR - Internal Server Error: /content/8/pdf/
Traceback (most recent call last):
  File "C:\Users\Lenovo\OneDrive\Desktop\Factyne\venv\Lib\site-packages\django\core\handlers\exception.py", line 55, in inner
    response = get_response(request)
               ^^^^^^^^^^^^^^^^^^^^^
  File "C:\Users\Lenovo\OneDrive\Desktop\Factyne\venv\Lib\site-packages\django\core\handlers\base.py", line 197, in _get_response
    response = wrapped_callback(request, *callback_args, **callback_kwargs)
               ^^^^^^^^^^^^^^^^^^^^^^^^^^^^^^^^^^^^^^^^^^^^^^^^^^^^^^^^^^^^
  File "C:\Users\Lenovo\OneDrive\Desktop\Factyne\core\views.py", line 74, in content_pdf
    pdf_bytes = html.write_pdf()
                ^^^^^^^^^^^^^^^^
  File "C:\Users\Lenovo\OneDrive\Desktop\Factyne\venv\Lib\site-packages\weasyprint\__init__.py", line 252, in write_pdf
    self.render(font_config, counter_style, **options)
  File "C:\Users\Lenovo\OneDrive\Desktop\Factyne\venv\Lib\site-packages\weasyprint\document.py", line 399, in write_pdf
    pdf = generate_pdf(self, target, zoom, **options)
          ^^^^^^^^^^^^^^^^^^^^^^^^^^^^^^^^^^^^^^^^^^^
  File "C:\Users\Lenovo\OneDrive\Desktop\Factyne\venv\Lib\site-packages\weasyprint\pdf\__init__.py", line 127, in generate_pdf
    pdf = pydyf.PDF((version or '1.7'), identifier)
          ^^^^^^^^^^^^^^^^^^^^^^^^^^^^^^^^^^^^^^^^^
TypeError: PDF.__init__() takes 1 positional argument but 3 were given
2025-12-08 22:12:54,758 - weasyprint - WARNING - Ignored `display: grid` at 35:13, invalid value.
2025-12-08 22:12:54,758 - weasyprint - WARNING - Ignored `grid-template-columns: 1fr 1fr` at 36:13, unknown property.
2025-12-08 22:12:54,758 - weasyprint - WARNING - Ignored `gap: 15px` at 37:13, unknown property.
2025-12-08 22:12:54,758 - weasyprint - WARNING - Ignored `gap: 15px` at 66:13, unknown property.
2025-12-08 22:12:54,766 - weasyprint - WARNING - Ignored `display: grid` at 82:13, invalid value.
2025-12-08 22:12:54,766 - weasyprint - WARNING - Ignored `grid-template-columns: repeat(3, 1fr)` at 83:13, unknown property.
2025-12-08 22:12:54,766 - weasyprint - WARNING - Ignored `gap: 10px` at 84:13, unknown property.
2025-12-08 22:12:54,766 - weasyprint - WARNING - Ignored `gap: 6px` at 110:13, unknown property.
2025-12-08 22:12:55,106 - django.request - ERROR - Internal Server Error: /content/8/pdf/
Traceback (most recent call last):
  File "C:\Users\Lenovo\OneDrive\Desktop\Factyne\venv\Lib\site-packages\django\core\handlers\exception.py", line 55, in inner
    response = get_response(request)
               ^^^^^^^^^^^^^^^^^^^^^
  File "C:\Users\Lenovo\OneDrive\Desktop\Factyne\venv\Lib\site-packages\django\core\handlers\base.py", line 197, in _get_response
    response = wrapped_callback(request, *callback_args, **callback_kwargs)
               ^^^^^^^^^^^^^^^^^^^^^^^^^^^^^^^^^^^^^^^^^^^^^^^^^^^^^^^^^^^^
  File "C:\Users\Lenovo\OneDrive\Desktop\Factyne\core\views.py", line 74, in content_pdf
    pdf_bytes = html.write_pdf()
                ^^^^^^^^^^^^^^^^
  File "C:\Users\Lenovo\OneDrive\Desktop\Factyne\venv\Lib\site-packages\weasyprint\__init__.py", line 252, in write_pdf
    self.render(font_config, counter_style, **options)
  File "C:\Users\Lenovo\OneDrive\Desktop\Factyne\venv\Lib\site-packages\weasyprint\document.py", line 399, in write_pdf
    pdf = generate_pdf(self, target, zoom, **options)
          ^^^^^^^^^^^^^^^^^^^^^^^^^^^^^^^^^^^^^^^^^^^
  File "C:\Users\Lenovo\OneDrive\Desktop\Factyne\venv\Lib\site-packages\weasyprint\pdf\__init__.py", line 127, in generate_pdf
    pdf = pydyf.PDF((version or '1.7'), identifier)
          ^^^^^^^^^^^^^^^^^^^^^^^^^^^^^^^^^^^^^^^^^
TypeError: PDF.__init__() takes 1 positional argument but 3 were given
2025-12-08 22:13:35,137 - weasyprint - WARNING - Ignored `display: grid` at 35:13, invalid value.
2025-12-08 22:13:35,137 - weasyprint - WARNING - Ignored `grid-template-columns: 1fr 1fr` at 36:13, unknown property.
2025-12-08 22:13:35,139 - weasyprint - WARNING - Ignored `gap: 15px` at 37:13, unknown property.
2025-12-08 22:13:35,139 - weasyprint - WARNING - Ignored `gap: 15px` at 66:13, unknown property.
2025-12-08 22:13:35,141 - weasyprint - WARNING - Ignored `display: grid` at 82:13, invalid value.
2025-12-08 22:13:35,141 - weasyprint - WARNING - Ignored `grid-template-columns: repeat(3, 1fr)` at 83:13, unknown property.
2025-12-08 22:13:35,141 - weasyprint - WARNING - Ignored `gap: 10px` at 84:13, unknown property.
2025-12-08 22:13:35,143 - weasyprint - WARNING - Ignored `gap: 6px` at 110:13, unknown property.
2025-12-08 22:13:35,484 - django.request - ERROR - Internal Server Error: /content/8/pdf/
Traceback (most recent call last):
  File "C:\Users\Lenovo\OneDrive\Desktop\Factyne\venv\Lib\site-packages\django\core\handlers\exception.py", line 55, in inner
    response = get_response(request)
               ^^^^^^^^^^^^^^^^^^^^^
  File "C:\Users\Lenovo\OneDrive\Desktop\Factyne\venv\Lib\site-packages\django\core\handlers\base.py", line 197, in _get_response
    response = wrapped_callback(request, *callback_args, **callback_kwargs)
               ^^^^^^^^^^^^^^^^^^^^^^^^^^^^^^^^^^^^^^^^^^^^^^^^^^^^^^^^^^^^
  File "C:\Users\Lenovo\OneDrive\Desktop\Factyne\core\views.py", line 74, in content_pdf
    pdf_bytes = html.write_pdf()
                ^^^^^^^^^^^^^^^^
  File "C:\Users\Lenovo\OneDrive\Desktop\Factyne\venv\Lib\site-packages\weasyprint\__init__.py", line 252, in write_pdf
    self.render(font_config, counter_style, **options)
  File "C:\Users\Lenovo\OneDrive\Desktop\Factyne\venv\Lib\site-packages\weasyprint\document.py", line 399, in write_pdf
    pdf = generate_pdf(self, target, zoom, **options)
          ^^^^^^^^^^^^^^^^^^^^^^^^^^^^^^^^^^^^^^^^^^^
  File "C:\Users\Lenovo\OneDrive\Desktop\Factyne\venv\Lib\site-packages\weasyprint\pdf\__init__.py", line 127, in generate_pdf
    pdf = pydyf.PDF((version or '1.7'), identifier)
          ^^^^^^^^^^^^^^^^^^^^^^^^^^^^^^^^^^^^^^^^^
TypeError: PDF.__init__() takes 1 positional argument but 3 were given
2025-12-08 22:20:08,636 - django.request - WARNING - Not Found: /content/
2025-12-09 12:37:54,808 - django.utils.autoreload - INFO - C:\Users\Lenovo\OneDrive\Desktop\Factyne\core\api\endpoints.py changed, reloading.
2025-12-09 12:38:53,502 - django.request - WARNING - Not Found: /favicon.ico
2025-12-09 12:43:45,038 - django.request - WARNING - Forbidden: /api/v1/fact-check/
2025-12-09 12:46:04,009 - django.request - WARNING - Forbidden: /api/v1/fact-check/
2025-12-09 12:46:40,392 - django.request - WARNING - Forbidden: /api/v1/fact-check/
2025-12-09 12:48:05,501 - django.request - WARNING - Forbidden: /api/v1/fact-check/
2025-12-09 12:48:07,548 - django.request - WARNING - Forbidden: /api/v1/key-info/
2025-12-09 12:49:59,424 - django.utils.autoreload - INFO - C:\Users\Lenovo\OneDrive\Desktop\Factyne\myproject\settings.py changed, reloading.
2025-12-09 12:50:29,520 - django.utils.autoreload - INFO - C:\Users\Lenovo\OneDrive\Desktop\Factyne\api\authentication.py changed, reloading.
2025-12-09 12:51:05,616 - django.request - ERROR - Internal Server Error: /api/v1/fact-check/
2025-12-09 12:55:10,035 - django.utils.autoreload - INFO - C:\Users\Lenovo\OneDrive\Desktop\Factyne\core\api\endpoints.py changed, reloading.
2025-12-09 12:56:42,887 - django.utils.autoreload - INFO - C:\Users\Lenovo\OneDrive\Desktop\Factyne\core\claim_extractor_api.py changed, reloading.
2025-12-09 12:56:59,352 - django.utils.autoreload - INFO - C:\Users\Lenovo\OneDrive\Desktop\Factyne\core\api\endpoints.py changed, reloading.
2025-12-09 12:57:18,273 - django.request - ERROR - Internal Server Error: /api/v1/fact-check/
2025-12-09 12:58:20,639 - django.utils.autoreload - INFO - C:\Users\Lenovo\OneDrive\Desktop\Factyne\core\api\endpoints.py changed, reloading.
2025-12-09 12:58:31,396 - django.request - WARNING - Not Found: /api/v1/status/11/
2025-12-09 13:02:26,296 - django.utils.autoreload - INFO - C:\Users\Lenovo\OneDrive\Desktop\Factyne\core\api\endpoints.py changed, reloading.
2025-12-09 13:02:51,884 - django.utils.autoreload - INFO - C:\Users\Lenovo\OneDrive\Desktop\Factyne\myproject\urls.py changed, reloading.
2025-12-09 18:25:45,141 - django.request - WARNING - Not Found: /favicon.ico
